Started
Created particle at (0.0, 0)
Created particle at (-0.5, 1)
Created particle at (-1.0, 2)
Created particle at (-1.5, 3)
Created particle at (-2.0, 4)
Created particle at (-2.5, 5)
Created particle at (-3.0, 6)
Created particle at (-3.5, 7)
Created particle at (-4.0, 8)
Created particle at (-4.5, 9)
Created location with id d88156f1-599e-4343-ac61-7c3e5fcafb14 on coords (-0.5, 1)
Created location with id d350594a-40c7-4dce-a4c0-8c19c4edce2c on coords (0.5, 1)
Created location with id fb24c778-c135-4076-bf84-690450642c05 on coords (1.5, 1)
Created location with id dae1ebf3-2036-40ff-be88-79d1e5987169 on coords (-1.0, 0)
Created location with id 2f98c6bd-69eb-4a4b-a2fa-773fe2dae0dd on coords (0.0, 0)
Created location with id b3b1300e-f417-401a-92da-29b888a42d97 on coords (1.0, 0)
Created location with id d71ca927-0b82-4abd-8c6b-0a8a3e2e4afd on coords (-1.5, -1)
Created location with id 6234f0db-fba1-4ba3-9605-22f9ac8a7bf2 on coords (-0.5, -1)
Created location with id a6769148-c284-4ce8-bdf1-763831d9ad63 on coords (0.5, -1)
Created location with id 0732c398-2876-461f-ba05-5d9757973b15 on coords (-2.0, -2)
particle on (-0.5, 1) is scanning for particle in 1 hops
Got 2 in 1 hops
particle on (-1.5, 3) is scanning for particle in 1 hops
Got 2 in 1 hops
particle on (-4.0, 8) is scanning for particle in 1 hops
Got 2 in 1 hops
particle on (0.0, 0) is scanning for particle in 1 hops
Got 1 in 1 hops
particle on (-3.0, 6) is scanning for particle in 1 hops
Got 2 in 1 hops
particle on (-2.0, 4) is scanning for particle in 1 hops
Got 2 in 1 hops
particle on (-1.0, 2) is scanning for particle in 1 hops
Got 2 in 1 hops
particle on (-4.5, 9) is scanning for particle in 1 hops
Got 1 in 1 hops
particle on (-2.5, 5) is scanning for particle in 1 hops
Got 2 in 1 hops
particle on (-3.5, 7) is scanning for particle in 1 hops
Got 2 in 1 hops
particle fc1f9398-6148-4c17-8da5-4fc2e6239896 successfully moved to 1
particle 11aeb3c0-989c-4ad7-ab04-fa65d66469dc successfully moved to 2
particle 896e09c1-3114-481d-8dbc-359a1658d207 successfully moved to 2
particle 0ba8221c-24d4-4fd6-aa3b-34d203a36fce successfully moved to 2
particle 1c23fd27-ec97-4d05-8b52-e63109777ae5 successfully moved to 2
particle da94e6ed-e47d-495f-912b-deb0891b86c9 successfully moved to 2
particle 9153e291-9917-46f3-8a39-65ad5c04e04f successfully moved to 2
particle 6a54d9ba-e0be-44ca-9d0d-884686e3b798 successfully moved to 2
particle 370b8ef8-7cd2-40e7-9735-3e735eaca935 successfully moved to 2
particle on (0.5, 1) is scanning for particle in 1 hops
Got 2 in 1 hops
particle on (-1.0, 2) is scanning for particle in 1 hops
Got 2 in 1 hops
particle on (-3.5, 7) is scanning for particle in 1 hops
Got 2 in 1 hops
particle on (0.0, 0) is scanning for particle in 1 hops
Got 2 in 1 hops
particle on (-2.5, 5) is scanning for particle in 1 hops
Got 2 in 1 hops
particle on (-1.5, 3) is scanning for particle in 1 hops
Got 2 in 1 hops
particle on (-0.5, 1) is scanning for particle in 1 hops
Got 3 in 1 hops
particle on (-4.0, 8) is scanning for particle in 1 hops
Got 1 in 1 hops
particle on (-2.0, 4) is scanning for particle in 1 hops
Got 2 in 1 hops
particle on (-3.0, 6) is scanning for particle in 1 hops
Got 2 in 1 hops
particle fc1f9398-6148-4c17-8da5-4fc2e6239896 successfully moved to 1
particle 11aeb3c0-989c-4ad7-ab04-fa65d66469dc successfully moved to 1
particle 896e09c1-3114-481d-8dbc-359a1658d207 successfully moved to 2
particle 0ba8221c-24d4-4fd6-aa3b-34d203a36fce successfully moved to 2
particle 1c23fd27-ec97-4d05-8b52-e63109777ae5 successfully moved to 2
particle da94e6ed-e47d-495f-912b-deb0891b86c9 successfully moved to 2
particle 9153e291-9917-46f3-8a39-65ad5c04e04f successfully moved to 2
particle 6a54d9ba-e0be-44ca-9d0d-884686e3b798 successfully moved to 2
particle 370b8ef8-7cd2-40e7-9735-3e735eaca935 successfully moved to 2
particle on (1.5, 1) is scanning for particle in 1 hops
Got 1 in 1 hops
particle on (-0.5, 1) is scanning for particle in 1 hops
Got 3 in 1 hops
particle on (-3.0, 6) is scanning for particle in 1 hops
Got 2 in 1 hops
particle on (0.0, 0) is scanning for particle in 1 hops
Got 2 in 1 hops
particle on (-2.0, 4) is scanning for particle in 1 hops
Got 2 in 1 hops
particle on (-1.0, 2) is scanning for particle in 1 hops
Got 2 in 1 hops
particle on (0.5, 1) is scanning for particle in 1 hops
Got 3 in 1 hops
particle on (-3.5, 7) is scanning for particle in 1 hops
Got 1 in 1 hops
particle on (-1.5, 3) is scanning for particle in 1 hops
Got 2 in 1 hops
particle on (-2.5, 5) is scanning for particle in 1 hops
Got 2 in 1 hops
particle fc1f9398-6148-4c17-8da5-4fc2e6239896 successfully moved to 3
particle 11aeb3c0-989c-4ad7-ab04-fa65d66469dc successfully moved to 1
particle 896e09c1-3114-481d-8dbc-359a1658d207 successfully moved to 1
particle 0ba8221c-24d4-4fd6-aa3b-34d203a36fce successfully moved to 2
particle 1c23fd27-ec97-4d05-8b52-e63109777ae5 successfully moved to 2
particle da94e6ed-e47d-495f-912b-deb0891b86c9 successfully moved to 2
particle 9153e291-9917-46f3-8a39-65ad5c04e04f successfully moved to 2
particle 6a54d9ba-e0be-44ca-9d0d-884686e3b798 successfully moved to 2
particle 370b8ef8-7cd2-40e7-9735-3e735eaca935 successfully moved to 2
particle on (1.0, 0) is scanning for particle in 1 hops
Got 3 in 1 hops
particle on (0.5, 1) is scanning for particle in 1 hops
Got 4 in 1 hops
particle on (-2.5, 5) is scanning for particle in 1 hops
Got 2 in 1 hops
particle on (0.0, 0) is scanning for particle in 1 hops
Got 3 in 1 hops
particle on (-1.5, 3) is scanning for particle in 1 hops
Got 2 in 1 hops
particle on (-0.5, 1) is scanning for particle in 1 hops
Got 3 in 1 hops
particle on (1.5, 1) is scanning for particle in 1 hops
Got 2 in 1 hops
particle on (-3.0, 6) is scanning for particle in 1 hops
Got 1 in 1 hops
particle on (-1.0, 2) is scanning for particle in 1 hops
Got 2 in 1 hops
particle on (-2.0, 4) is scanning for particle in 1 hops
Got 2 in 1 hops
particle fc1f9398-6148-4c17-8da5-4fc2e6239896 successfully moved to 3
particle 4098f230-5a34-4a40-b5d5-ca21900aee3e successfully moved to 1
particle 0ba8221c-24d4-4fd6-aa3b-34d203a36fce successfully moved to 2
particle 1c23fd27-ec97-4d05-8b52-e63109777ae5 successfully moved to 2
particle da94e6ed-e47d-495f-912b-deb0891b86c9 successfully moved to 2
particle 9153e291-9917-46f3-8a39-65ad5c04e04f successfully moved to 2
particle 6a54d9ba-e0be-44ca-9d0d-884686e3b798 successfully moved to 2
particle 370b8ef8-7cd2-40e7-9735-3e735eaca935 successfully moved to 2
particle on (0.5, -1) is scanning for particle in 1 hops
Got 2 in 1 hops
particle on (0.5, 1) is scanning for particle in 1 hops
Got 4 in 1 hops
particle on (-2.0, 4) is scanning for particle in 1 hops
Got 2 in 1 hops
particle on (1.0, 0) is scanning for particle in 1 hops
Got 4 in 1 hops
particle on (-1.0, 2) is scanning for particle in 1 hops
Got 2 in 1 hops
particle on (0.0, 0) is scanning for particle in 1 hops
Got 4 in 1 hops
particle on (1.5, 1) is scanning for particle in 1 hops
Got 2 in 1 hops
particle on (-2.5, 5) is scanning for particle in 1 hops
Got 1 in 1 hops
particle on (-0.5, 1) is scanning for particle in 1 hops
Got 3 in 1 hops
particle on (-1.5, 3) is scanning for particle in 1 hops
Got 2 in 1 hops
particle fc1f9398-6148-4c17-8da5-4fc2e6239896 successfully moved to 4
particle 0ba8221c-24d4-4fd6-aa3b-34d203a36fce successfully moved to 2
particle 1c23fd27-ec97-4d05-8b52-e63109777ae5 successfully moved to 2
particle da94e6ed-e47d-495f-912b-deb0891b86c9 successfully moved to 2
particle 9153e291-9917-46f3-8a39-65ad5c04e04f successfully moved to 2
particle 6a54d9ba-e0be-44ca-9d0d-884686e3b798 successfully moved to 2
particle 370b8ef8-7cd2-40e7-9735-3e735eaca935 successfully moved to 2
particle on (-0.5, -1) is scanning for particle in 1 hops
Got 2 in 1 hops
particle on (0.5, 1) is scanning for particle in 1 hops
Got 4 in 1 hops
particle on (-1.5, 3) is scanning for particle in 1 hops
Got 2 in 1 hops
particle on (1.0, 0) is scanning for particle in 1 hops
Got 4 in 1 hops
particle on (-0.5, 1) is scanning for particle in 1 hops
Got 3 in 1 hops
particle on (0.5, -1) is scanning for particle in 1 hops
Got 3 in 1 hops
particle on (1.5, 1) is scanning for particle in 1 hops
Got 2 in 1 hops
particle on (-2.0, 4) is scanning for particle in 1 hops
Got 1 in 1 hops
particle on (0.0, 0) is scanning for particle in 1 hops
Got 5 in 1 hops
particle on (-1.0, 2) is scanning for particle in 1 hops
Got 2 in 1 hops
particle fc1f9398-6148-4c17-8da5-4fc2e6239896 successfully moved to 4
particle 1c23fd27-ec97-4d05-8b52-e63109777ae5 successfully moved to 3
particle da94e6ed-e47d-495f-912b-deb0891b86c9 successfully moved to 2
particle 9153e291-9917-46f3-8a39-65ad5c04e04f successfully moved to 2
particle 6a54d9ba-e0be-44ca-9d0d-884686e3b798 successfully moved to 2
particle 370b8ef8-7cd2-40e7-9735-3e735eaca935 successfully moved to 2
particle on (-1.5, -1) is scanning for particle in 1 hops
Got 1 in 1 hops
particle on (0.5, 1) is scanning for particle in 1 hops
Got 4 in 1 hops
particle on (-1.0, 2) is scanning for particle in 1 hops
Got 2 in 1 hops
particle on (1.0, 0) is scanning for particle in 1 hops
Got 4 in 1 hops
particle on (0.0, 0) is scanning for particle in 1 hops
Got 5 in 1 hops
particle on (0.5, -1) is scanning for particle in 1 hops
Got 3 in 1 hops
particle on (1.5, 1) is scanning for particle in 1 hops
Got 2 in 1 hops
particle on (-1.5, 3) is scanning for particle in 1 hops
Got 1 in 1 hops
particle on (-0.5, -1) is scanning for particle in 1 hops
Got 3 in 1 hops
particle on (-0.5, 1) is scanning for particle in 1 hops
Got 3 in 1 hops
particle fc1f9398-6148-4c17-8da5-4fc2e6239896 successfully moved to 0
particle 1c23fd27-ec97-4d05-8b52-e63109777ae5 successfully moved to 4
particle da94e6ed-e47d-495f-912b-deb0891b86c9 successfully moved to 3
particle 9153e291-9917-46f3-8a39-65ad5c04e04f successfully moved to 2
particle 6a54d9ba-e0be-44ca-9d0d-884686e3b798 successfully moved to 2
particle 370b8ef8-7cd2-40e7-9735-3e735eaca935 successfully moved to 2
particle on (-1.0, 0) is scanning for particle in 1 hops
Got 4 in 1 hops
particle on (0.5, 1) is scanning for particle in 1 hops
Got 4 in 1 hops
particle on (-0.5, 1) is scanning for particle in 1 hops
Got 4 in 1 hops
particle on (1.0, 0) is scanning for particle in 1 hops
Got 4 in 1 hops
particle on (-0.5, -1) is scanning for particle in 1 hops
Got 4 in 1 hops
particle on (0.5, -1) is scanning for particle in 1 hops
Got 3 in 1 hops
particle on (1.5, 1) is scanning for particle in 1 hops
Got 2 in 1 hops
particle on (-1.0, 2) is scanning for particle in 1 hops
Got 1 in 1 hops
particle on (-1.5, -1) is scanning for particle in 1 hops
Got 2 in 1 hops
particle on (0.0, 0) is scanning for particle in 1 hops
Got 6 in 1 hops
particle 1c23fd27-ec97-4d05-8b52-e63109777ae5 successfully moved to 3
particle fc1f9398-6148-4c17-8da5-4fc2e6239896 successfully moved to 3
particle 6a54d9ba-e0be-44ca-9d0d-884686e3b798 successfully moved to 3
particle 370b8ef8-7cd2-40e7-9735-3e735eaca935 successfully moved to 2
particle on (-1.5, -1) is scanning for particle in 1 hops
Got 3 in 1 hops
particle on (0.5, 1) is scanning for particle in 1 hops
Got 4 in 1 hops
particle on (-1.0, 0) is scanning for particle in 1 hops
Got 4 in 1 hops
particle on (1.0, 0) is scanning for particle in 1 hops
Got 4 in 1 hops
particle on (-0.5, -1) is scanning for particle in 1 hops
Got 4 in 1 hops
particle on (0.5, -1) is scanning for particle in 1 hops
Got 3 in 1 hops
particle on (1.5, 1) is scanning for particle in 1 hops
Got 2 in 1 hops
particle on (-0.5, 1) is scanning for particle in 1 hops
Got 3 in 1 hops
particle on (-2.0, -2) is scanning for particle in 1 hops
Got 1 in 1 hops
particle on (0.0, 0) is scanning for particle in 1 hops
Got 6 in 1 hops
